0 info it worked if it ends with ok
1 verbose cli [ '/usr/local/bin/node', '/usr/local/bin/npm', 'publish' ]
2 info using npm@1.4.14
3 info using node@v0.10.29
4 verbose publish [ '.' ]
5 verbose cache add [ '.', null ]
6 verbose cache add name=undefined spec="." args=[".",null]
7 verbose parsed url { protocol: null,
7 verbose parsed url   slashes: null,
7 verbose parsed url   auth: null,
7 verbose parsed url   host: null,
7 verbose parsed url   port: null,
7 verbose parsed url   hostname: null,
7 verbose parsed url   hash: null,
7 verbose parsed url   search: null,
7 verbose parsed url   query: null,
7 verbose parsed url   pathname: '.',
7 verbose parsed url   path: '.',
7 verbose parsed url   href: '.' }
8 silly lockFile 3a52ce78- .
9 verbose lock . /home/zlatko/.npm/3a52ce78-.lock
10 verbose tar pack [ '/home/zlatko/.npm/empty-s3-bucket/0.1.2/package.tgz', '.' ]
11 verbose tarball /home/zlatko/.npm/empty-s3-bucket/0.1.2/package.tgz
12 verbose folder .
13 info prepublish empty-s3-bucket@0.1.2
14 silly lockFile 1f1177db-tar tar://.
15 verbose lock tar://. /home/zlatko/.npm/1f1177db-tar.lock
16 silly lockFile 8ee3de07-mpty-s3-bucket-0-1-2-package-tgz tar:///home/zlatko/.npm/empty-s3-bucket/0.1.2/package.tgz
17 verbose lock tar:///home/zlatko/.npm/empty-s3-bucket/0.1.2/package.tgz /home/zlatko/.npm/8ee3de07-mpty-s3-bucket-0-1-2-package-tgz.lock
18 silly lockFile 1f1177db-tar tar://.
19 silly lockFile 1f1177db-tar tar://.
20 silly lockFile 8ee3de07-mpty-s3-bucket-0-1-2-package-tgz tar:///home/zlatko/.npm/empty-s3-bucket/0.1.2/package.tgz
21 silly lockFile 8ee3de07-mpty-s3-bucket-0-1-2-package-tgz tar:///home/zlatko/.npm/empty-s3-bucket/0.1.2/package.tgz
22 silly lockFile 41d09ef6-pm-empty-s3-bucket-0-1-2-package /home/zlatko/.npm/empty-s3-bucket/0.1.2/package
23 verbose lock /home/zlatko/.npm/empty-s3-bucket/0.1.2/package /home/zlatko/.npm/41d09ef6-pm-empty-s3-bucket-0-1-2-package.lock
24 silly lockFile 41d09ef6-pm-empty-s3-bucket-0-1-2-package /home/zlatko/.npm/empty-s3-bucket/0.1.2/package
25 silly lockFile 41d09ef6-pm-empty-s3-bucket-0-1-2-package /home/zlatko/.npm/empty-s3-bucket/0.1.2/package
26 silly lockFile 3a52ce78- .
27 silly lockFile 3a52ce78- .
28 silly publish { name: 'empty-s3-bucket',
28 silly publish   version: '0.1.2',
28 silly publish   description: 'Delete all objects from an S3 bucket.',
28 silly publish   main: 'app.js',
28 silly publish   bin: { 'empty-s3-bucket': 'app.js' },
28 silly publish   scripts: { test: 'echo "Error: no test specified" && exit 1' },
28 silly publish   repository:
28 silly publish    { type: 'git',
28 silly publish      url: 'git@github.com:zladuric/empty-s3-bucket.git' },
28 silly publish   keywords: [ 'amazon', 'aws', 's3', 'empty', 'delete' ],
28 silly publish   author: { name: 'Zlatko Đurić' },
28 silly publish   license: 'MIT',
28 silly publish   bugs: { url: 'https://github.com/zladuric/empty-s3-bucket/issues' },
28 silly publish   homepage: 'https://github.com/zladuric/empty-s3-bucket',
28 silly publish   devDependencies:
28 silly publish    { gulp: '^3.8.7',
28 silly publish      'gulp-jshint': '^1.8.4',
28 silly publish      'jshint-stylish': '^0.4.0' },
28 silly publish   dependencies: { s3: '^3.1.3' },
28 silly publish   readme: 'Empty S3 Bucket\n---------------\n\nA simple script to fetch a list of objects on a bucket and delete them all.\n\n## Usage:\n\n    npm -g install empty-s3-bucket\n\n    empty-s3-bucket <bucket_name>\n\nFor now, the script is dumb and requires environment settings:\n\n    export S3_ACCESS_KEY=<key>\n    export S3_SECRET=<secret>\n    export S3_REGION=<region>\n\n# Changelog\n\n- removed config.js, moved settings to CLI\n- made script a binary, globally installable\n## Plans\n\nNo current plans for now, if I need more features, I\'ll add them. Feel free to PR, I will probably accept anything.\n\n\n',
28 silly publish   readmeFilename: 'README.md',
28 silly publish   gitHead: 'f1fd0ae7041efc35f01a8f4b8feda71a5efaad05',
28 silly publish   _id: 'empty-s3-bucket@0.1.2',
28 silly publish   _shasum: 'c4a42dbc99420680470be707f429bde5e0f47d08',
28 silly publish   _from: '.' }
29 verbose url raw empty-s3-bucket
30 verbose url resolving [ 'https://registry.npmjs.org/', './empty-s3-bucket' ]
31 verbose url resolved https://registry.npmjs.org/empty-s3-bucket
32 info trying registry request attempt 1 at 18:26:17
33 http PUT https://registry.npmjs.org/empty-s3-bucket
34 http 403 https://registry.npmjs.org/empty-s3-bucket
35 verbose headers { date: 'Mon, 11 Aug 2014 16:26:16 GMT',
35 verbose headers   server: 'CouchDB/1.5.0 (Erlang OTP/R14B04)',
35 verbose headers   'content-type': 'application/json',
35 verbose headers   'cache-control': 'max-age=60',
35 verbose headers   'content-length': '3266',
35 verbose headers   'accept-ranges': 'bytes',
35 verbose headers   via: '1.1 varnish',
35 verbose headers   'x-served-by': 'cache-fra1230-FRA',
35 verbose headers   'x-cache': 'MISS',
35 verbose headers   'x-cache-hits': '0',
35 verbose headers   'x-timer': 'S1407774375.323425,VS0,VE684',
35 verbose headers   'keep-alive': 'timeout=10, max=50',
35 verbose headers   connection: 'Keep-Alive' }
36 error publish Failed PUT 403
37 error Error: forbidden cannot modify pre-existing version: 0.1.2
37 error old={"name":"empty-s3-bucket","version":"0.1.2","description":"Delete all objects from an S3 bucket.","main":"app.js","scripts":{"test":"echo \"Error: no test specified\" && exit 1"},"repository":{"type":"git","url":"git@github.com:zladuric/empty-s3-bucket.git"},"keywords":["amazon","aws","s3","empty","delete"],"author":{"name":"Zlatko Đurić"},"license":"MIT","bugs":{"url":"https://github.com/zladuric/empty-s3-bucket/issues"},"homepage":"https://github.com/zladuric/empty-s3-bucket","devDependencies":{"gulp":"^3.8.7","gulp-jshint":"^1.8.4","jshint-stylish":"^0.4.0"},"dependencies":{"s3":"^3.1.3"},"gitHead":"b286b008d515b9b0fb944579da891343b221df2e","_id":"empty-s3-bucket@0.1.2","_shasum":"9551e3ca1b38851236c000eb6c951c5898db71dd","_from":".","_npmVersion":"1.4.14","_npmUser":{"name":"zladuric","email":"zladuric@gmail.com"},"maintainers":[{"name":"zladuric","email":"zladuric@gmail.com"}],"dist":{"shasum":"9551e3ca1b38851236c000eb6c951c5898db71dd","tarball":"http://registry.npmjs.org/empty-s3-bucket/-/empty-s3-bucket-0.1.2.tgz"}}
37 error new={"name":"empty-s3-bucket","version":"0.1.2","description":"Delete all objects from an S3 bucket.","main":"app.js","bin":{"empty-s3-bucket":"app.js"},"scripts":{"test":"echo \"Error: no test specified\" && exit 1"},"repository":{"type":"git","url":"git@github.com:zladuric/empty-s3-bucket.git"},"keywords":["amazon","aws","s3","empty","delete"],"author":{"name":"Zlatko Đurić"},"license":"MIT","bugs":{"url":"https://github.com/zladuric/empty-s3-bucket/issues"},"homepage":"https://github.com/zladuric/empty-s3-bucket","devDependencies":{"gulp":"^3.8.7","gulp-jshint":"^1.8.4","jshint-stylish":"^0.4.0"},"dependencies":{"s3":"^3.1.3"},"readme":"Empty S3 Bucket\u000a---------------\u000a\u000aA simple script to fetch a list of objects on a bucket and delete them all.\u000a\u000a## Usage:\u000a\u000a    npm -g install empty-s3-bucket\u000a\u000a    empty-s3-bucket <bucket_name>\u000a\u000aFor now, the script is dumb and requires environment settings:\u000a\u000a    export S3_ACCESS_KEY=<key>\u000a    export S3_SECRET=<secret>\u000a    export S3_REGION=<region>\u000a\u000a# Changelog\u000a\u000a- removed config.js, moved settings to CLI\u000a- made script a binary, globally installable\u000a## Plans\u000a\u000aNo current plans for now, if I need more features, I'll add them. Feel free to PR, I will probably accept anything.\u000a\u000a\u000a","readmeFilename":"README.md","gitHead":"f1fd0ae7041efc35f01a8f4b8feda71a5efaad05","_id":"empty-s3-bucket@0.1.2","_shasum":"c4a42dbc99420680470be707f429bde5e0f47d08","_from":".","_npmVersion":"1.4.14","_npmUser":{"name":"zladuric","email":"zladuric@gmail.com"},"maintainers":[{"name":"zladuric","email":"zladuric@gmail.com"}],"dist":{"shasum":"c4a42dbc99420680470be707f429bde5e0f47d08","tarball":"http://registry.npmjs.org/empty-s3-bucket/-/empty-s3-bucket-0.1.2.tgz"}}: empty-s3-bucket
37 error     at RegClient.<anonymous> (/usr/local/lib/node_modules/npm/node_modules/npm-registry-client/lib/request.js:274:14)
37 error     at Request._callback (/usr/local/lib/node_modules/npm/node_modules/npm-registry-client/lib/request.js:212:65)
37 error     at Request.self.callback (/usr/local/lib/node_modules/npm/node_modules/request/request.js:123:22)
37 error     at Request.emit (events.js:98:17)
37 error     at Request.<anonymous> (/usr/local/lib/node_modules/npm/node_modules/request/request.js:893:14)
37 error     at Request.emit (events.js:117:20)
37 error     at IncomingMessage.<anonymous> (/usr/local/lib/node_modules/npm/node_modules/request/request.js:844:12)
37 error     at IncomingMessage.emit (events.js:117:20)
37 error     at _stream_readable.js:929:16
37 error     at process._tickCallback (node.js:419:13)
38 error If you need help, you may report this *entire* log,
38 error including the npm and node versions, at:
38 error     <http://github.com/npm/npm/issues>
39 error System Linux 3.13.0-24-generic
40 error command "/usr/local/bin/node" "/usr/local/bin/npm" "publish"
41 error cwd /home/zlatko/projects/empty-s3-bucket
42 error node -v v0.10.29
43 error npm -v 1.4.14
44 verbose exit [ 1, true ]
